Determining if the Q_WS_WIN exist failed with the following output:
Change Dir: /home/akhil/Desktop/proj/fastfusion/CMakeFiles/CMakeTmp

Run Build Command:"/usr/bin/make" "cmTC_83d0d/fast"
/usr/bin/make -f CMakeFiles/cmTC_83d0d.dir/build.make CMakeFiles/cmTC_83d0d.dir/build
make[1]: Entering directory '/home/akhil/Desktop/proj/fastfusion/CMakeFiles/CMakeTmp'
Building CXX object CMakeFiles/cmTC_83d0d.dir/CheckSymbolExists.cxx.o
/usr/bin/c++    -I/usr/include/qt4  -Wall -mavx2 -funroll-loops -DOWNAVX -fopenmp    -o CMakeFiles/cmTC_83d0d.dir/CheckSymbolExists.cxx.o -c /home/akhil/Desktop/proj/fastfusion/CMakeFiles/CMakeTmp/CheckSymbolExists.cxx
/home/akhil/Desktop/proj/fastfusion/CMakeFiles/CMakeTmp/CheckSymbolExists.cxx: In function ‘int main(int, char**)’:
/home/akhil/Desktop/proj/fastfusion/CMakeFiles/CMakeTmp/CheckSymbolExists.cxx:8:19: error: ‘Q_WS_WIN’ was not declared in this scope
   return ((int*)(&Q_WS_WIN))[argc];
                   ^
CMakeFiles/cmTC_83d0d.dir/build.make:65: recipe for target 'CMakeFiles/cmTC_83d0d.dir/CheckSymbolExists.cxx.o' failed
make[1]: *** [CMakeFiles/cmTC_83d0d.dir/CheckSymbolExists.cxx.o] Error 1
make[1]: Leaving directory '/home/akhil/Desktop/proj/fastfusion/CMakeFiles/CMakeTmp'
Makefile:126: recipe for target 'cmTC_83d0d/fast' failed
make: *** [cmTC_83d0d/fast] Error 2

File /home/akhil/Desktop/proj/fastfusion/CMakeFiles/CMakeTmp/CheckSymbolExists.cxx:
/* */
#include <QtCore/qglobal.h>

int main(int argc, char** argv)
{
  (void)argv;
#ifndef Q_WS_WIN
  return ((int*)(&Q_WS_WIN))[argc];
#else
  (void)argc;
  return 0;
#endif
}

Determining if the Q_WS_QWS exist failed with the following output:
Change Dir: /home/akhil/Desktop/proj/fastfusion/CMakeFiles/CMakeTmp

Run Build Command:"/usr/bin/make" "cmTC_e6dcf/fast"
/usr/bin/make -f CMakeFiles/cmTC_e6dcf.dir/build.make CMakeFiles/cmTC_e6dcf.dir/build
make[1]: Entering directory '/home/akhil/Desktop/proj/fastfusion/CMakeFiles/CMakeTmp'
Building CXX object CMakeFiles/cmTC_e6dcf.dir/CheckSymbolExists.cxx.o
/usr/bin/c++    -I/usr/include/qt4  -Wall -mavx2 -funroll-loops -DOWNAVX -fopenmp    -o CMakeFiles/cmTC_e6dcf.dir/CheckSymbolExists.cxx.o -c /home/akhil/Desktop/proj/fastfusion/CMakeFiles/CMakeTmp/CheckSymbolExists.cxx
/home/akhil/Desktop/proj/fastfusion/CMakeFiles/CMakeTmp/CheckSymbolExists.cxx: In function ‘int main(int, char**)’:
/home/akhil/Desktop/proj/fastfusion/CMakeFiles/CMakeTmp/CheckSymbolExists.cxx:8:19: error: ‘Q_WS_QWS’ was not declared in this scope
   return ((int*)(&Q_WS_QWS))[argc];
                   ^
CMakeFiles/cmTC_e6dcf.dir/build.make:65: recipe for target 'CMakeFiles/cmTC_e6dcf.dir/CheckSymbolExists.cxx.o' failed
make[1]: *** [CMakeFiles/cmTC_e6dcf.dir/CheckSymbolExists.cxx.o] Error 1
make[1]: Leaving directory '/home/akhil/Desktop/proj/fastfusion/CMakeFiles/CMakeTmp'
Makefile:126: recipe for target 'cmTC_e6dcf/fast' failed
make: *** [cmTC_e6dcf/fast] Error 2

File /home/akhil/Desktop/proj/fastfusion/CMakeFiles/CMakeTmp/CheckSymbolExists.cxx:
/* */
#include <QtCore/qglobal.h>

int main(int argc, char** argv)
{
  (void)argv;
#ifndef Q_WS_QWS
  return ((int*)(&Q_WS_QWS))[argc];
#else
  (void)argc;
  return 0;
#endif
}

Determining if the Q_WS_MAC exist failed with the following output:
Change Dir: /home/akhil/Desktop/proj/fastfusion/CMakeFiles/CMakeTmp

Run Build Command:"/usr/bin/make" "cmTC_3eb44/fast"
/usr/bin/make -f CMakeFiles/cmTC_3eb44.dir/build.make CMakeFiles/cmTC_3eb44.dir/build
make[1]: Entering directory '/home/akhil/Desktop/proj/fastfusion/CMakeFiles/CMakeTmp'
Building CXX object CMakeFiles/cmTC_3eb44.dir/CheckSymbolExists.cxx.o
/usr/bin/c++    -I/usr/include/qt4  -Wall -mavx2 -funroll-loops -DOWNAVX -fopenmp    -o CMakeFiles/cmTC_3eb44.dir/CheckSymbolExists.cxx.o -c /home/akhil/Desktop/proj/fastfusion/CMakeFiles/CMakeTmp/CheckSymbolExists.cxx
/home/akhil/Desktop/proj/fastfusion/CMakeFiles/CMakeTmp/CheckSymbolExists.cxx: In function ‘int main(int, char**)’:
/home/akhil/Desktop/proj/fastfusion/CMakeFiles/CMakeTmp/CheckSymbolExists.cxx:8:19: error: ‘Q_WS_MAC’ was not declared in this scope
   return ((int*)(&Q_WS_MAC))[argc];
                   ^
CMakeFiles/cmTC_3eb44.dir/build.make:65: recipe for target 'CMakeFiles/cmTC_3eb44.dir/CheckSymbolExists.cxx.o' failed
make[1]: *** [CMakeFiles/cmTC_3eb44.dir/CheckSymbolExists.cxx.o] Error 1
make[1]: Leaving directory '/home/akhil/Desktop/proj/fastfusion/CMakeFiles/CMakeTmp'
Makefile:126: recipe for target 'cmTC_3eb44/fast' failed
make: *** [cmTC_3eb44/fast] Error 2

File /home/akhil/Desktop/proj/fastfusion/CMakeFiles/CMakeTmp/CheckSymbolExists.cxx:
/* */
#include <QtCore/qglobal.h>

int main(int argc, char** argv)
{
  (void)argv;
#ifndef Q_WS_MAC
  return ((int*)(&Q_WS_MAC))[argc];
#else
  (void)argc;
  return 0;
#endif
}

